[0.423s] Invoking command in '/home/viethoang/hoang/src/py_pubsub': PYTHONPATH=/home/viethoang/hoang/build/py_pubsub/prefix_override:/home/viethoang/hoang/install/py_pubsub/lib/python3.10/site-packages:${PYTHONPATH} /usr/bin/python3 setup.py egg_info --egg-base ../../build/py_pubsub build --build-base /home/viethoang/hoang/build/py_pubsub/build install --record /home/viethoang/hoang/build/py_pubsub/install.log --single-version-externally-managed
[0.562s] running egg_info
[0.563s] creating ../../build/py_pubsub/py_pubsub.egg-info
[0.563s] writing ../../build/py_pubsub/py_pubsub.egg-info/PKG-INFO
[0.563s] writing dependency_links to ../../build/py_pubsub/py_pubsub.egg-info/dependency_links.txt
[0.563s] writing entry points to ../../build/py_pubsub/py_pubsub.egg-info/entry_points.txt
[0.563s] writing requirements to ../../build/py_pubsub/py_pubsub.egg-info/requires.txt
[0.563s] writing top-level names to ../../build/py_pubsub/py_pubsub.egg-info/top_level.txt
[0.563s] writing manifest file '../../build/py_pubsub/py_pubsub.egg-info/SOURCES.txt'
[0.564s] reading manifest file '../../build/py_pubsub/py_pubsub.egg-info/SOURCES.txt'
[0.564s] writing manifest file '../../build/py_pubsub/py_pubsub.egg-info/SOURCES.txt'
[0.564s] running build
[0.564s] running build_py
[0.565s] creating /home/viethoang/hoang/build/py_pubsub/build
[0.565s] creating /home/viethoang/hoang/build/py_pubsub/build/lib
[0.565s] creating /home/viethoang/hoang/build/py_pubsub/build/lib/py_pubsub
[0.565s] copying py_pubsub/publisher_member_function.py -> /home/viethoang/hoang/build/py_pubsub/build/lib/py_pubsub
[0.565s] copying py_pubsub/subscriber_member_function.py -> /home/viethoang/hoang/build/py_pubsub/build/lib/py_pubsub
[0.565s] copying py_pubsub/__init__.py -> /home/viethoang/hoang/build/py_pubsub/build/lib/py_pubsub
[0.565s] running install
[0.565s] /usr/lib/python3/dist-packages/setuptools/command/install.py:34: SetuptoolsDeprecationWarning: setup.py install is deprecated. Use build and pip and other standards-based tools.
[0.565s]   warnings.warn(
[0.565s] running install_lib
[0.566s] creating /home/viethoang/hoang/install/py_pubsub/lib/python3.10/site-packages/py_pubsub
[0.566s] copying /home/viethoang/hoang/build/py_pubsub/build/lib/py_pubsub/publisher_member_function.py -> /home/viethoang/hoang/install/py_pubsub/lib/python3.10/site-packages/py_pubsub
[0.566s] copying /home/viethoang/hoang/build/py_pubsub/build/lib/py_pubsub/subscriber_member_function.py -> /home/viethoang/hoang/install/py_pubsub/lib/python3.10/site-packages/py_pubsub
[0.566s] copying /home/viethoang/hoang/build/py_pubsub/build/lib/py_pubsub/__init__.py -> /home/viethoang/hoang/install/py_pubsub/lib/python3.10/site-packages/py_pubsub
[0.566s] byte-compiling /home/viethoang/hoang/install/py_pubsub/lib/python3.10/site-packages/py_pubsub/publisher_member_function.py to publisher_member_function.cpython-310.pyc
[0.566s] byte-compiling /home/viethoang/hoang/install/py_pubsub/lib/python3.10/site-packages/py_pubsub/subscriber_member_function.py to subscriber_member_function.cpython-310.pyc
[0.567s] byte-compiling /home/viethoang/hoang/install/py_pubsub/lib/python3.10/site-packages/py_pubsub/__init__.py to __init__.cpython-310.pyc
[0.567s] running install_data
[0.567s] creating /home/viethoang/hoang/install/py_pubsub/share/ament_index
[0.567s] creating /home/viethoang/hoang/install/py_pubsub/share/ament_index/resource_index
[0.567s] creating /home/viethoang/hoang/install/py_pubsub/share/ament_index/resource_index/packages
[0.567s] copying resource/py_pubsub -> /home/viethoang/hoang/install/py_pubsub/share/ament_index/resource_index/packages
[0.567s] copying package.xml -> /home/viethoang/hoang/install/py_pubsub/share/py_pubsub
[0.567s] running install_egg_info
[0.569s] Copying ../../build/py_pubsub/py_pubsub.egg-info to /home/viethoang/hoang/install/py_pubsub/lib/python3.10/site-packages/py_pubsub-0.0.0-py3.10.egg-info
[0.569s] running install_scripts
[0.581s] Installing listener script to /home/viethoang/hoang/install/py_pubsub/lib/py_pubsub
[0.581s] Installing talker script to /home/viethoang/hoang/install/py_pubsub/lib/py_pubsub
[0.581s] writing list of installed files to '/home/viethoang/hoang/build/py_pubsub/install.log'
[0.595s] Invoked command in '/home/viethoang/hoang/src/py_pubsub' returned '0': PYTHONPATH=/home/viethoang/hoang/build/py_pubsub/prefix_override:/home/viethoang/hoang/install/py_pubsub/lib/python3.10/site-packages:${PYTHONPATH} /usr/bin/python3 setup.py egg_info --egg-base ../../build/py_pubsub build --build-base /home/viethoang/hoang/build/py_pubsub/build install --record /home/viethoang/hoang/build/py_pubsub/install.log --single-version-externally-managed
